<?xml version="1.0" encoding="UTF-8"?>
<Site BuildName="(empty)"
	BuildStamp="20240306-2214-Experimental"
	Name="(empty)"
	Generator="ctest-3.27.3"
	CompilerName=""
	CompilerVersion=""
	OSName="Windows"
	Hostname="DESKTOP-EQIB6ES"
	OSRelease=" Professional"
	OSVersion=" (Build 19045)"
	OSPlatform="AMD64"
	Is64Bits="1"
	VendorString="AuthenticAMD"
	VendorID="Advanced Micro Devices"
	FamilyID="15"
	ModelID="8"
	ProcessorCacheSize="96"
	NumberOfLogicalCPU="6"
	NumberOfPhysicalCPU="3"
	TotalVirtualMemory="19335"
	TotalPhysicalMemory="16335"
	LogicalProcessorsPerPhysical="2"
	ProcessorClockFrequency="3393"
	>
	<Testing>
		<StartDateTime>Mar 06 23:14 Paris, Madrid</StartDateTime>
		<StartTestTime>1709763261</StartTestTime>
		<TestList/>
		<EndDateTime>Mar 06 23:14 Paris, Madrid</EndDateTime>
		<EndTestTime>1709763261</EndTestTime>
		<ElapsedMinutes>0</ElapsedMinutes>
	</Testing>
</Site>
